Arguments: 
  /home/dev/.nvm/versions/node/v12.16.1/bin/node /home/dev/.nvm/versions/node/v12.16.1/bin/yarn add typescript @types/react @types

PATH: 
  /home/dev/.nvm/versions/node/v12.16.1/bin:/usr/local/sbin:/usr/local/bin:/usr/sbin:/usr/bin:/sbin:/bin:/usr/games:/usr/local/games:/snap/bin

Yarn version: 
  1.22.10

Node version: 
  12.16.1

Platform: 
  linux x64

Trace: 
  Error: https://registry.yarnpkg.com/@types: Request "https://registry.yarnpkg.com/@types" returned a 405
      at Request.params.callback [as _callback] (/home/dev/.nvm/versions/node/v12.16.1/lib/node_modules/yarn/lib/cli.js:66997:18)
      at Request.self.callback (/home/dev/.nvm/versions/node/v12.16.1/lib/node_modules/yarn/lib/cli.js:140662:22)
      at Request.emit (events.js:311:20)
      at Request.<anonymous> (/home/dev/.nvm/versions/node/v12.16.1/lib/node_modules/yarn/lib/cli.js:141634:10)
      at Request.emit (events.js:311:20)
      at IncomingMessage.<anonymous> (/home/dev/.nvm/versions/node/v12.16.1/lib/node_modules/yarn/lib/cli.js:141556:12)
      at Object.onceWrapper (events.js:417:28)
      at IncomingMessage.emit (events.js:323:22)
      at endReadableNT (_stream_readable.js:1204:12)
      at processTicksAndRejections (internal/process/task_queues.js:84:21)

npm manifest: 
  No manifest

yarn manifest: 
  No manifest

Lockfile: 
  No lockfile
